This is pdfTeX, Version 3.1415926-1.40.10 (TeX Live 2009/Debian) (format=pdflatex 2013.11.8)  24 FEB 2014 17:16
entering extended mode
 %&-line parsing enabled.
**report.tex
(./report.tex
LaTeX2e <2009/09/24>
Babel <v3.8l> and hyphenation patterns for english, usenglishmax, dumylang, noh
yphenation, loaded.
(/usr/share/texmf-texlive/tex/latex/base/article.cls
Document Class: article 2007/10/19 v1.4h Standard LaTeX document class
(/usr/share/texmf-texlive/tex/latex/base/size10.clo
File: size10.clo 2007/10/19 v1.4h Standard LaTeX file (size option)
)
\c@part=\count79
\c@section=\count80
\c@subsection=\count81
\c@subsubsection=\count82
\c@paragraph=\count83
\c@subparagraph=\count84
\c@figure=\count85
\c@table=\count86
\abovecaptionskip=\skip41
\belowcaptionskip=\skip42
\bibindent=\dimen102
)
(/usr/share/texmf-texlive/tex/latex/base/latexsym.sty
Package: latexsym 1998/08/17 v2.2e Standard LaTeX package (lasy symbols)
\symlasy=\mathgroup4
LaTeX Font Info:    Overwriting symbol font `lasy' in version `bold'
(Font)                  U/lasy/m/n --> U/lasy/b/n on input line 47.
)
(/usr/share/texmf-texlive/tex/latex/amsmath/amsmath.sty
Package: amsmath 2000/07/18 v2.13 AMS math features
\@mathmargin=\skip43

For additional information on amsmath, use the `?' option.
(/usr/share/texmf-texlive/tex/latex/amsmath/amstext.sty
Package: amstext 2000/06/29 v2.01

(/usr/share/texmf-texlive/tex/latex/amsmath/amsgen.sty
File: amsgen.sty 1999/11/30 v2.0
\@emptytoks=\toks14
\ex@=\dimen103
))
(/usr/share/texmf-texlive/tex/latex/amsmath/amsbsy.sty
Package: amsbsy 1999/11/29 v1.2d
\pmbraise@=\dimen104
)
(/usr/share/texmf-texlive/tex/latex/amsmath/amsopn.sty
Package: amsopn 1999/12/14 v2.01 operator names
)
\inf@bad=\count87
LaTeX Info: Redefining \frac on input line 211.
\uproot@=\count88
\leftroot@=\count89
LaTeX Info: Redefining \overline on input line 307.
\classnum@=\count90
\DOTSCASE@=\count91
LaTeX Info: Redefining \ldots on input line 379.
LaTeX Info: Redefining \dots on input line 382.
LaTeX Info: Redefining \cdots on input line 467.
\Mathstrutbox@=\box26
\strutbox@=\box27
\big@size=\dimen105
LaTeX Font Info:    Redeclaring font encoding OML on input line 567.
LaTeX Font Info:    Redeclaring font encoding OMS on input line 568.
\macc@depth=\count92
\c@MaxMatrixCols=\count93
\dotsspace@=\muskip10
\c@parentequation=\count94
\dspbrk@lvl=\count95
\tag@help=\toks15
\row@=\count96
\column@=\count97
\maxfields@=\count98
\andhelp@=\toks16
\eqnshift@=\dimen106
\alignsep@=\dimen107
\tagshift@=\dimen108
\tagwidth@=\dimen109
\totwidth@=\dimen110
\lineht@=\dimen111
\@envbody=\toks17
\multlinegap=\skip44
\multlinetaggap=\skip45
\mathdisplay@stack=\toks18
LaTeX Info: Redefining \[ on input line 2666.
LaTeX Info: Redefining \] on input line 2667.
)
(/usr/share/texmf-texlive/tex/latex/natbib/natbib.sty
Package: natbib 2009/07/16 8.31 (PWD, AO)
\bibhang=\skip46
\bibsep=\skip47
LaTeX Info: Redefining \cite on input line 694.
\c@NAT@ctr=\count99
)
(/usr/share/texmf-texlive/tex/latex/listings/listings.sty
(/usr/share/texmf-texlive/tex/latex/graphics/keyval.sty
Package: keyval 1999/03/16 v1.13 key=value parser (DPC)
\KV@toks@=\toks19
)
\lst@mode=\count100
\lst@gtempboxa=\box28
\lst@token=\toks20
\lst@length=\count101
\lst@currlwidth=\dimen112
\lst@column=\count102
\lst@pos=\count103
\lst@lostspace=\dimen113
\lst@width=\dimen114
\lst@newlines=\count104
\lst@lineno=\count105
\lst@maxwidth=\dimen115

(/usr/share/texmf-texlive/tex/latex/listings/lstmisc.sty
File: lstmisc.sty 2007/02/22 1.4 (Carsten Heinz)
\c@lstnumber=\count106
\lst@skipnumbers=\count107
\lst@framebox=\box29
)
(/usr/share/texmf-texlive/tex/latex/listings/listings.cfg
File: listings.cfg 2007/02/22 1.4 listings configuration
))
Package: listings 2007/02/22 1.4 (Carsten Heinz)

(/usr/share/texmf-texlive/tex/latex/tools/enumerate.sty
Package: enumerate 1999/03/05 v3.00 enumerate extensions (DPC)
\@enLab=\toks21
) (./qtree.sty
Package: 2008/12/12 v.3.1bQtree: tree-drawing for linguistics
Package: qtree 2008/12/12 v.3.1bQtree: tree-drawing for linguistics
(/usr/share/texmf-texlive/tex/latex/pict2e/pict2e.sty
Package: pict2e 2009/08/05 v0.2x Improved picture commands (HjG,RN,JT)

(/etc/texmf/tex/latex/pict2e/pict2e.cfg
File: pict2e.cfg 2009/08/05 v0.1s pict2e configuration for teTeX/TeXLive
)
Package pict2e Info: Driver file: pdftex.def on input line 101.

(/usr/share/texmf-texlive/tex/latex/pdftex-def/pdftex.def
File: pdftex.def 2010/03/12 v0.04p Graphics/color for pdfTeX
\Gread@gobject=\count108
)
Package pict2e Info: Driver file for pict2e: p2e-pdftex.def on input line 103.

(/usr/share/texmf-texlive/tex/latex/pict2e/p2e-pdftex.def
File: p2e-pdftex.def 2009/08/05 v0.1s Driver-dependant file (RN,HjG,JT)
)
(/usr/share/texmf-texlive/tex/latex/graphics/trig.sty
Package: trig 1999/03/16 v1.09 sin cos tan (DPC)
)
\pIIe@GRAPH=\toks22
\@arclen=\dimen116
\@arcrad=\dimen117
\@tempdimd=\dimen118
)
\c@treecount=\count109
\c@branchcount=\count110
\parentbox=\box30
\treebox=\box31
\treeboxone=\box32
\treeboxtwo=\box33
\treeboxthree=\box34
\treeboxfour=\box35
\treeboxfive=\box36
\treeboxsix=\box37
\treeboxseven=\box38
\treeboxeight=\box39
\treeboxnine=\box40
\treeboxten=\box41
\treeboxeleven=\box42
\treeboxtwelve=\box43
\treeboxthirteen=\box44
\treeboxfourteen=\box45
\treeboxfifteen=\box46
\treeboxsixteen=\box47
\treeboxseventeen=\box48
\treeboxeighteen=\box49
\treeboxnineteen=\box50
\treeboxtwenty=\box51
\treeoffsetone=\skip48
\treeoffsettwo=\skip49
\treeoffsetthree=\skip50
\treeoffsetfour=\skip51
\treeoffsetfive=\skip52
\treeoffsetsix=\skip53
\treeoffsetseven=\skip54
\treeoffseteight=\skip55
\treeoffsetnine=\skip56
\treeoffsetten=\skip57
\treeoffseteleven=\skip58
\treeoffsettwelve=\skip59
\treeoffsetthirteen=\skip60
\treeoffsetfourteen=\skip61
\treeoffsetfifteen=\skip62
\treeoffsetsixteen=\skip63
\treeoffsetseventeen=\skip64
\treeoffseteighteen=\skip65
\treeoffsetnineteen=\skip66
\treeoffsettwenty=\skip67
\treeshiftone=\skip68
\treeshifttwo=\skip69
\treeshiftthree=\skip70
\treeshiftfour=\skip71
\treeshiftfive=\skip72
\treeshiftsix=\skip73
\treeshiftseven=\skip74
\treeshifteight=\skip75
\treeshiftnine=\skip76
\treeshiftten=\skip77
\treeshifteleven=\skip78
\treeshifttwelve=\skip79
\treeshiftthirteen=\skip80
\treeshiftfourteen=\skip81
\treeshiftfifteen=\skip82
\treeshiftsixteen=\skip83
\treeshiftseventeen=\skip84
\treeshifteighteen=\skip85
\treeshiftnineteen=\skip86
\treeshifttwenty=\skip87
\treewidthone=\skip88
\treewidthtwo=\skip89
\treewidththree=\skip90
\treewidthfour=\skip91
\treewidthfive=\skip92
\treewidthsix=\skip93
\treewidthseven=\skip94
\treewidtheight=\skip95
\treewidthnine=\skip96
\treewidthten=\skip97
\treewidtheleven=\skip98
\treewidthtwelve=\skip99
\treewidththirteen=\skip100
\treewidthfourteen=\skip101
\treewidthfifteen=\skip102
\treewidthsixteen=\skip103
\treewidthseventeen=\skip104
\treewidtheighteen=\skip105
\treewidthnineteen=\skip106
\treewidthtwenty=\skip107
\daughteroffsetone=\skip108
\daughteroffsettwo=\skip109
\daughteroffsetthree=\skip110
\daughteroffsetfour=\skip111
\branchwidthone=\skip112
\branchwidthtwo=\skip113
\branchwidththree=\skip114
\branchwidthfour=\skip115
\parentoffset=\skip116
\treeoffset=\skip117
\daughteroffset=\skip118
\branchwidth=\skip119
\parentwidth=\skip120
\treewidth=\skip121
\qta=\toks23
\qtb=\toks24
\nbranches=\count111
\qroofx=\count112
\qroofy=\count113
\@qrscratchbox=\box52
) (./report.aux)
\openout1 = `report.aux'.

LaTeX Font Info:    Checking defaults for OML/cmm/m/it on input line 15.
LaTeX Font Info:    ... okay on input line 15.
LaTeX Font Info:    Checking defaults for T1/cmr/m/n on input line 15.
LaTeX Font Info:    ... okay on input line 15.
LaTeX Font Info:    Checking defaults for OT1/cmr/m/n on input line 15.
LaTeX Font Info:    ... okay on input line 15.
LaTeX Font Info:    Checking defaults for OMS/cmsy/m/n on input line 15.
LaTeX Font Info:    ... okay on input line 15.
LaTeX Font Info:    Checking defaults for OMX/cmex/m/n on input line 15.
LaTeX Font Info:    ... okay on input line 15.
LaTeX Font Info:    Checking defaults for U/cmr/m/n on input line 15.
LaTeX Font Info:    ... okay on input line 15.
\c@lstlisting=\count114

(/usr/share/texmf-texlive/tex/context/base/supp-pdf.mkii
[Loading MPS to PDF converter (version 2006.09.02).]
\scratchcounter=\count115
\scratchdimen=\dimen119
\scratchbox=\box53
\nofMPsegments=\count116
\nofMParguments=\count117
\everyMPshowfont=\toks25
\MPscratchCnt=\count118
\MPscratchDim=\dimen120
\MPnumerator=\count119
\everyMPtoPDFconversion=\toks26
)
LaTeX Font Info:    Try loading font information for U+lasy on input line 16.
 (/usr/share/texmf-texlive/tex/latex/base/ulasy.fd
File: ulasy.fd 1998/08/17 v2.2e LaTeX symbol font definitions
) [1

{/var/lib/texmf/fonts/map/pdftex/updmap/pdftex.map}]
Underfull \hbox (badness 10000) in paragraph at lines 102--105

 []

[2]
Underfull \hbox (badness 10000) in paragraph at lines 108--110

 []


Underfull \hbox (badness 10000) in paragraph at lines 113--115

 []

[3] [4] (./report.aux) ) 
Here is how much of TeX's memory you used:
 3266 strings out of 495061
 42379 string characters out of 1182621
 111400 words of memory out of 3000000
 6438 multiletter control sequences out of 15000+50000
 9867 words of font info for 40 fonts, out of 3000000 for 9000
 28 hyphenation exceptions out of 8191
 27i,13n,32p,221b,371s stack positions out of 5000i,500n,10000p,200000b,50000s
</usr/share/texmf-texlive/fonts/type1/public/amsfonts/c
m/cmbx10.pfb></usr/share/texmf-texlive/fonts/type1/public/amsfonts/cm/cmbx12.pf
b></usr/share/texmf-texlive/fonts/type1/public/amsfonts/cm/cmex10.pfb></usr/sha
re/texmf-texlive/fonts/type1/public/amsfonts/cm/cmmi10.pfb></usr/share/texmf-te
xlive/fonts/type1/public/amsfonts/cm/cmmi7.pfb></usr/share/texmf-texlive/fonts/
type1/public/amsfonts/cm/cmr10.pfb></usr/share/texmf-texlive/fonts/type1/public
/amsfonts/cm/cmr12.pfb></usr/share/texmf-texlive/fonts/type1/public/amsfonts/cm
/cmr17.pfb></usr/share/texmf-texlive/fonts/type1/public/amsfonts/cm/cmr7.pfb></
usr/share/texmf-texlive/fonts/type1/public/amsfonts/cm/cmsy10.pfb></usr/share/t
exmf-texlive/fonts/type1/public/amsfonts/cm/cmsy7.pfb></usr/share/texmf-texlive
/fonts/type1/public/amsfonts/cm/cmti10.pfb></usr/share/texmf-texlive/fonts/type
1/public/amsfonts/cm/cmtt12.pfb>
Output written on report.pdf (4 pages, 154358 bytes).
PDF statistics:
 67 PDF objects out of 1000 (max. 8388607)
 0 named destinations out of 1000 (max. 500000)
 1 words of extra memory for PDF output out of 10000 (max. 10000000)

